Running: /CMC/tools/xilinx/13.4/ISE_DS/ISE/bin/lin64/unwrapped/fuse -intstyle ise -incremental -o /home/student1/aaandres/Desktop/COE758 Labs/SVGP/SVGP/pongTest_isim_beh.exe -prj /home/student1/aaandres/Desktop/COE758 Labs/SVGP/SVGP/pongTest_beh.prj work.pongTest 
ISim O.87xd (signature 0x8ddf5b5d)
Number of CPUs detected in this system: 8
Turning on mult-threading, number of parallel sub-compilation jobs: 16 
Determining compilation order of HDL files
Parsing VHDL file "/home/student1/aaandres/Desktop/COE758 Labs/SVGP/SVGP/pong.vhd" into library work
Parsing VHDL file "/home/student1/aaandres/Desktop/COE758 Labs/SVGP/SVGP/pongTest.vhd" into library work
Starting static elaboration
Completed static elaboration
Fuse Memory Usage: 121644 KB
Fuse CPU Usage: 950 ms
Compiling package standard
Compiling package std_logic_1164
Compiling package std_logic_arith
Compiling package std_logic_unsigned
Compiling architecture behavioral of entity pong [pong_default]
Compiling architecture behavior of entity pongtest
Time Resolution for simulation is 1ps.
Waiting for 1 sub-compilation(s) to finish...
Compiled 7 VHDL Units
Built simulation executable /home/student1/aaandres/Desktop/COE758 Labs/SVGP/SVGP/pongTest_isim_beh.exe
Fuse Memory Usage: 1218316 KB
Fuse CPU Usage: 1080 ms
GCC CPU Usage: 320 ms
