Release 13.4 - xst O.87xd (lin64)
Copyright (c) 1995-2011 Xilinx, Inc.  All rights reserved.
--> 
Parameter TMPDIR set to xst/projnav.tmp


Total REAL time to Xst completion: 0.00 secs
Total CPU time to Xst completion: 0.05 secs
 
--> 
Parameter xsthdpdir set to xst


Total REAL time to Xst completion: 0.00 secs
Total CPU time to Xst completion: 0.05 secs
 
--> 
Reading design: project2.prj

TABLE OF CONTENTS
  1) Synthesis Options Summary
  2) HDL Compilation
  3) Design Hierarchy Analysis
  4) HDL Analysis
  5) HDL Synthesis
     5.1) HDL Synthesis Report
  6) Advanced HDL Synthesis
     6.1) Advanced HDL Synthesis Report
  7) Low Level Synthesis
  8) Partition Report
  9) Final Report
	9.1) Device utilization summary
	9.2) Partition Resource Summary
	9.3) TIMING REPORT


=========================================================================
*                      Synthesis Options Summary                        *
=========================================================================
---- Source Parameters
Input File Name                    : "project2.prj"
Input Format                       : mixed
Ignore Synthesis Constraint File   : NO

---- Target Parameters
Output File Name                   : "project2"
Output Format                      : NGC
Target Device                      : xc3s500e-5-fg320

---- Source Options
Top Module Name                    : project2
Automatic FSM Extraction           : YES
FSM Encoding Algorithm             : Auto
Safe Implementation                : No
FSM Style                          : LUT
RAM Extraction                     : Yes
RAM Style                          : Auto
ROM Extraction                     : Yes
Mux Style                          : Auto
Decoder Extraction                 : YES
Priority Encoder Extraction        : Yes
Shift Register Extraction          : YES
Logical Shifter Extraction         : YES
XOR Collapsing                     : YES
ROM Style                          : Auto
Mux Extraction                     : Yes
Resource Sharing                   : YES
Asynchronous To Synchronous        : NO
Multiplier Style                   : Auto
Automatic Register Balancing       : No

---- Target Options
Add IO Buffers                     : YES
Global Maximum Fanout              : 500
Add Generic Clock Buffer(BUFG)     : 24
Register Duplication               : YES
Slice Packing                      : YES
Optimize Instantiated Primitives   : NO
Use Clock Enable                   : Yes
Use Synchronous Set                : Yes
Use Synchronous Reset              : Yes
Pack IO Registers into IOBs        : Auto
Equivalent register Removal        : YES

---- General Options
Optimization Goal                  : Speed
Optimization Effort                : 1
Keep Hierarchy                     : No
Netlist Hierarchy                  : As_Optimized
RTL Output                         : Yes
Global Optimization                : AllClockNets
Read Cores                         : YES
Write Timing Constraints           : NO
Cross Clock Analysis               : NO
Hierarchy Separator                : /
Bus Delimiter                      : <>
Case Specifier                     : Maintain
Slice Utilization Ratio            : 100
BRAM Utilization Ratio             : 100
Verilog 2001                       : YES
Auto BRAM Packing                  : NO
Slice Utilization Ratio Delta      : 5

=========================================================================


=========================================================================
*                          HDL Compilation                              *
=========================================================================
Compiling vhdl file "/home/student1/aaandres/Desktop/COE758 Labs/SVGP/SVGP/pong.vhd" in Library work.
Entity <project2> compiled.
Entity <project2> (Architecture <Behavioral>) compiled.

=========================================================================
*                     Design Hierarchy Analysis                         *
=========================================================================
Analyzing hierarchy for entity <project2> in library <work> (architecture <Behavioral>).


=========================================================================
*                            HDL Analysis                               *
=========================================================================
Analyzing Entity <project2> in library <work> (Architecture <Behavioral>).
WARNING:Xst:819 - "/home/student1/aaandres/Desktop/COE758 Labs/SVGP/SVGP/pong.vhd" line 243: One or more signals are missing in the process sensitivity list. To enable synthesis of FPGA/CPLD hardware, XST will assume that all necessary signals are present in the sensitivity list. Please note that the result of the synthesis may differ from the initial design specification. The missing signals are:
   <hpos>, <vpos>, <BallX>, <BallY>, <leftBarX>, <leftBarY>, <RightBarX>, <RightBarY>
Entity <project2> analyzed. Unit <project2> generated.


=========================================================================
*                           HDL Synthesis                               *
=========================================================================

Performing bidirectional port resolution...

Synthesizing Unit <project2>.
    Related source file is "/home/student1/aaandres/Desktop/COE758 Labs/SVGP/SVGP/pong.vhd".
WARNING:Xst:647 - Input <SW1> is never used. This port will be preserved and left unconnected if it belongs to a top-level block or it belongs to a sub-block and the hierarchy of this sub-block is preserved.
WARNING:Xst:653 - Signal <leftBarX> is used but never assigned. This sourceless signal will be automatically connected to value 00000000000000000000000000110010.
WARNING:Xst:653 - Signal <RightBarX> is used but never assigned. This sourceless signal will be automatically connected to value 00000000000000000000001001000100.
    Found 1-bit register for signal <H>.
    Found 1-bit register for signal <V>.
    Found 32-bit adder for signal <$add0000> created at line 272.
    Found 32-bit adder for signal <$add0001> created at line 272.
    Found 32-bit adder for signal <$add0002> created at line 272.
    Found 32-bit adder for signal <$add0003> created at line 272.
    Found 32-bit adder for signal <$add0004> created at line 272.
    Found 32-bit adder for signal <$add0005> created at line 272.
    Found 32-bit adder for signal <$add0006> created at line 272.
    Found 32-bit subtractor for signal <$sub0000> created at line 272.
    Found 32-bit updown counter for signal <BallX>.
    Found 32-bit comparator greater for signal <BallX$cmp_gt0000> created at line 221.
    Found 32-bit comparator less for signal <BallX$cmp_lt0000> created at line 221.
    Found 32-bit updown counter for signal <BallY>.
    Found 1-bit register for signal <bright>.
    Found 32-bit comparator less for signal <bright$cmp_lt0000> created at line 143.
    Found 32-bit comparator less for signal <bright$cmp_lt0001> created at line 143.
    Found 1-bit register for signal <clk25>.
    Found 32-bit up counter for signal <clk_counter>.
    Found 32-bit comparator greater for signal <Gout$cmp_gt0000> created at line 270.
    Found 32-bit comparator less for signal <Gout$cmp_lt0000> created at line 270.
    Found 32-bit comparator greatequal for signal <H$cmp_ge0000> created at line 129.
    Found 32-bit comparator less for signal <H$cmp_lt0000> created at line 129.
    Found 1-bit register for signal <hMove>.
    Found 32-bit comparator greatequal for signal <hMove$cmp_ge0000> created at line 194.
    Found 32-bit comparator greatequal for signal <hMove$cmp_ge0001> created at line 194.
    Found 32-bit comparator greatequal for signal <hMove$cmp_ge0002> created at line 192.
    Found 32-bit comparator greatequal for signal <hMove$cmp_ge0003> created at line 199.
    Found 32-bit comparator greatequal for signal <hMove$cmp_ge0004> created at line 199.
    Found 32-bit comparator greatequal for signal <hMove$cmp_ge0005> created at line 204.
    Found 32-bit comparator greatequal for signal <hMove$cmp_ge0006> created at line 204.
    Found 32-bit comparator greatequal for signal <hMove$cmp_ge0007> created at line 192.
    Found 32-bit comparator greatequal for signal <hMove$cmp_ge0008> created at line 192.
    Found 32-bit comparator greater for signal <hMove$cmp_gt0000> created at line 200.
    Found 32-bit comparator greater for signal <hMove$cmp_gt0001> created at line 200.
    Found 32-bit comparator lessequal for signal <hMove$cmp_le0000> created at line 200.
    Found 32-bit comparator lessequal for signal <hMove$cmp_le0001> created at line 200.
    Found 32-bit comparator less for signal <hMove$cmp_lt0000> created at line 194.
    Found 32-bit comparator less for signal <hMove$cmp_lt0001> created at line 194.
    Found 32-bit comparator less for signal <hMove$cmp_lt0002> created at line 192.
    Found 32-bit comparator less for signal <hMove$cmp_lt0003> created at line 199.
    Found 32-bit comparator less for signal <hMove$cmp_lt0004> created at line 199.
    Found 32-bit comparator less for signal <hMove$cmp_lt0005> created at line 204.
    Found 32-bit comparator less for signal <hMove$cmp_lt0006> created at line 204.
    Found 32-bit comparator less for signal <hMove$cmp_lt0007> created at line 192.
    Found 32-bit up counter for signal <hpos>.
    Found 32-bit comparator less for signal <hpos$cmp_lt0000> created at line 115.
    Found 32-bit register for signal <leftBarY>.
    Found 32-bit comparator greater for signal <leftBarY$cmp_gt0000> created at line 167.
    Found 32-bit comparator less for signal <leftBarY$cmp_lt0000> created at line 161.
    Found 32-bit 4-to-1 multiplexer for signal <leftBarY$mux0003>.
    Found 32-bit addsub for signal <leftBarY$share0000>.
    Found 1-bit register for signal <movementTick>.
    Found 32-bit register for signal <RightBarY>.
    Found 32-bit comparator greater for signal <RightBarY$cmp_gt0000> created at line 183.
    Found 32-bit comparator less for signal <RightBarY$cmp_lt0000> created at line 177.
    Found 32-bit 4-to-1 multiplexer for signal <RightBarY$mux0003>.
    Found 32-bit addsub for signal <RightBarY$share0000>.
    Found 32-bit adder for signal <Rout$add0000> created at line 258.
    Found 32-bit adder for signal <Rout$add0001> created at line 258.
    Found 32-bit adder for signal <Rout$add0002> created at line 262.
    Found 32-bit adder for signal <Rout$add0003> created at line 262.
    Found 32-bit adder for signal <Rout$add0004> created at line 266.
    Found 32-bit adder for signal <Rout$add0005> created at line 266.
    Found 32-bit comparator greatequal for signal <Rout$cmp_ge0000> created at line 250.
    Found 32-bit comparator greatequal for signal <Rout$cmp_ge0001> created at line 250.
    Found 32-bit comparator greatequal for signal <Rout$cmp_ge0002> created at line 284.
    Found 32-bit comparator greatequal for signal <Rout$cmp_ge0003> created at line 284.
    Found 32-bit comparator greatequal for signal <Rout$cmp_ge0004> created at line 251.
    Found 32-bit comparator greatequal for signal <Rout$cmp_ge0005> created at line 254.
    Found 32-bit comparator greatequal for signal <Rout$cmp_ge0006> created at line 254.
    Found 32-bit comparator greatequal for signal <Rout$cmp_ge0007> created at line 262.
    Found 32-bit comparator greatequal for signal <Rout$cmp_ge0008> created at line 262.
    Found 32-bit comparator greatequal for signal <Rout$cmp_ge0009> created at line 266.
    Found 32-bit comparator greatequal for signal <Rout$cmp_ge0010> created at line 266.
    Found 32-bit comparator less for signal <Rout$cmp_lt0000> created at line 250.
    Found 32-bit comparator less for signal <Rout$cmp_lt0001> created at line 250.
    Found 32-bit comparator less for signal <Rout$cmp_lt0002> created at line 284.
    Found 32-bit comparator less for signal <Rout$cmp_lt0003> created at line 284.
    Found 32-bit comparator less for signal <Rout$cmp_lt0004> created at line 251.
    Found 32-bit comparator less for signal <Rout$cmp_lt0005> created at line 254.
    Found 32-bit comparator less for signal <Rout$cmp_lt0006> created at line 254.
    Found 32-bit comparator less for signal <Rout$cmp_lt0007> created at line 262.
    Found 32-bit comparator less for signal <Rout$cmp_lt0008> created at line 262.
    Found 32-bit comparator less for signal <Rout$cmp_lt0009> created at line 266.
    Found 32-bit comparator less for signal <Rout$cmp_lt0010> created at line 266.
    Found 32-bit comparator greatequal for signal <V$cmp_ge0000> created at line 135.
    Found 32-bit comparator less for signal <V$cmp_lt0000> created at line 135.
    Found 1-bit register for signal <vMove>.
    Found 32-bit subtractor for signal <vMove$addsub0000> created at line 213.
    Found 32-bit adder for signal <vMove$addsub0001> created at line 214.
    Found 32-bit comparator greatequal for signal <vMove$cmp_ge0000> created at line 214.
    Found 32-bit comparator lessequal for signal <vMove$cmp_le0000> created at line 213.
    Found 32-bit up counter for signal <vpos>.
    Found 32-bit comparator less for signal <vpos$cmp_lt0000> created at line 119.
    Summary:
	inferred   5 Counter(s).
	inferred  71 D-type flip-flop(s).
	inferred  18 Adder/Subtractor(s).
	inferred  61 Comparator(s).
	inferred  64 Multiplexer(s).
Unit <project2> synthesized.

INFO:Xst:1767 - HDL ADVISOR - Resource sharing has identified that some arithmetic operations in this design can share the same physical resources for reduced device utilization. For improved clock frequency you may try to disable resource sharing.

=========================================================================
HDL Synthesis Report

Macro Statistics
# Adders/Subtractors                                   : 18
 32-bit adder                                          : 14
 32-bit addsub                                         : 2
 32-bit subtractor                                     : 2
# Counters                                             : 5
 32-bit up counter                                     : 3
 32-bit updown counter                                 : 2
# Registers                                            : 9
 1-bit register                                        : 7
 32-bit register                                       : 2
# Comparators                                          : 61
 32-bit comparator greatequal                          : 23
 32-bit comparator greater                             : 6
 32-bit comparator less                                : 29
 32-bit comparator lessequal                           : 3
# Multiplexers                                         : 2
 32-bit 4-to-1 multiplexer                             : 2

=========================================================================

=========================================================================
*                       Advanced HDL Synthesis                          *
=========================================================================


=========================================================================
Advanced HDL Synthesis Report

Macro Statistics
# Adders/Subtractors                                   : 18
 32-bit adder                                          : 7
 32-bit addsub                                         : 2
 32-bit subtractor                                     : 1
 4-bit adder                                           : 7
 4-bit subtractor                                      : 1
# Counters                                             : 5
 32-bit up counter                                     : 3
 32-bit updown counter                                 : 2
# Registers                                            : 71
 Flip-Flops                                            : 71
# Comparators                                          : 61
 32-bit comparator greatequal                          : 23
 32-bit comparator greater                             : 6
 32-bit comparator less                                : 29
 32-bit comparator lessequal                           : 3
# Multiplexers                                         : 2
 32-bit 4-to-1 multiplexer                             : 2

=========================================================================

=========================================================================
*                         Low Level Synthesis                           *
=========================================================================

Optimizing unit <project2> ...

Mapping all equations...
Building and optimizing final netlist ...
Found area constraint ratio of 100 (+ 5) on block project2, actual ratio is 16.

Final Macro Processing ...

=========================================================================
Final Register Report

Macro Statistics
# Registers                                            : 231
 Flip-Flops                                            : 231

=========================================================================

=========================================================================
*                           Partition Report                            *
=========================================================================

Partition Implementation Status
-------------------------------

  No Partitions were found in this design.

-------------------------------

=========================================================================
*                            Final Report                               *
=========================================================================
Final Results
RTL Top Level Output File Name     : project2.ngr
Top Level Output File Name         : project2
Output Format                      : NGC
Optimization Goal                  : Speed
Keep Hierarchy                     : No

Design Statistics
# IOs                              : 32

Cell Usage :
# BELS                             : 3252
#      GND                         : 1
#      INV                         : 141
#      LUT1                        : 229
#      LUT2                        : 692
#      LUT2_L                      : 1
#      LUT3                        : 90
#      LUT3_L                      : 1
#      LUT4                        : 324
#      LUT4_L                      : 4
#      MUXCY                       : 1363
#      MUXF5                       : 2
#      VCC                         : 1
#      XORCY                       : 403
# FlipFlops/Latches                : 231
#      FD                          : 60
#      FDC                         : 34
#      FDCE                        : 32
#      FDE                         : 2
#      FDP                         : 1
#      FDR                         : 88
#      FDS                         : 13
#      FDSE                        : 1
# Clock Buffers                    : 3
#      BUFG                        : 2
#      BUFGP                       : 1
# IO Buffers                       : 30
#      IBUF                        : 3
#      OBUF                        : 27
=========================================================================

Device utilization summary:
---------------------------

Selected Device : 3s500efg320-5 

 Number of Slices:                      782  out of   4656    16%  
 Number of Slice Flip Flops:            231  out of   9312     2%  
 Number of 4 input LUTs:               1482  out of   9312    15%  
 Number of IOs:                          32
 Number of bonded IOBs:                  31  out of    232    13%  
 Number of GCLKs:                         3  out of     24    12%  

---------------------------
Partition Resource Summary:
---------------------------

  No Partitions were found in this design.

---------------------------


=========================================================================
TIMING REPORT

NOTE: THESE TIMING NUMBERS ARE ONLY A SYNTHESIS ESTIMATE.
      FOR ACCURATE TIMING INFORMATION PLEASE REFER TO THE TRACE REPORT
      GENERATED AFTER PLACE-and-ROUTE.

Clock Information:
------------------
-----------------------------------+------------------------+-------+
Clock Signal                       | Clock buffer(FF name)  | Load  |
-----------------------------------+------------------------+-------+
clk                                | BUFGP                  | 34    |
clk251                             | BUFG                   | 67    |
movementTick1                      | BUFG                   | 130   |
-----------------------------------+------------------------+-------+

Asynchronous Control Signals Information:
----------------------------------------
-----------------------------------+------------------------+-------+
Control Signal                     | Buffer(FF name)        | Load  |
-----------------------------------+------------------------+-------+
SW3                                | IBUF                   | 67    |
-----------------------------------+------------------------+-------+

Timing Summary:
---------------
Speed Grade: -5

   Minimum period: 10.503ns (Maximum Frequency: 95.212MHz)
   Minimum input arrival time before clock: 6.822ns
   Maximum output required time after clock: 13.676ns
   Maximum combinational path delay: No path found

Timing Detail:
--------------
All values displayed in nanoseconds (ns)

=========================================================================
Timing constraint: Default period analysis for Clock 'clk'
  Clock period: 4.528ns (frequency: 220.868MHz)
  Total number of paths / destination ports: 1586 / 67
-------------------------------------------------------------------------
Delay:               4.528ns (Levels of Logic = 9)
  Source:            clk_counter_8 (FF)
  Destination:       clk_counter_0 (FF)
  Source Clock:      clk rising
  Destination Clock: clk rising

  Data Path: clk_counter_8 to clk_counter_0
                                Gate     Net
    Cell:in->out      fanout   Delay   Delay  Logical Name (Net Name)
    ----------------------------------------  ------------
     FDR:C->Q              2   0.514   0.532  clk_counter_8 (clk_counter_8)
     LUT4:I0->O            1   0.612   0.000  clk_counter_cmp_eq0000_wg_lut<0> (clk_counter_cmp_eq0000_wg_lut<0>)
     MUXCY:S->O            1   0.404   0.000  clk_counter_cmp_eq0000_wg_cy<0> (clk_counter_cmp_eq0000_wg_cy<0>)
     MUXCY:CI->O           1   0.052   0.000  clk_counter_cmp_eq0000_wg_cy<1> (clk_counter_cmp_eq0000_wg_cy<1>)
     MUXCY:CI->O           1   0.052   0.000  clk_counter_cmp_eq0000_wg_cy<2> (clk_counter_cmp_eq0000_wg_cy<2>)
     MUXCY:CI->O           1   0.052   0.000  clk_counter_cmp_eq0000_wg_cy<3> (clk_counter_cmp_eq0000_wg_cy<3>)
     MUXCY:CI->O           1   0.052   0.000  clk_counter_cmp_eq0000_wg_cy<4> (clk_counter_cmp_eq0000_wg_cy<4>)
     MUXCY:CI->O           1   0.052   0.000  clk_counter_cmp_eq0000_wg_cy<5> (clk_counter_cmp_eq0000_wg_cy<5>)
     MUXCY:CI->O           1   0.052   0.000  clk_counter_cmp_eq0000_wg_cy<6> (clk_counter_cmp_eq0000_wg_cy<6>)
     MUXCY:CI->O          33   0.289   1.073  clk_counter_cmp_eq0000_wg_cy<7> (clk_counter_cmp_eq0000)
     FDR:R                     0.795          clk_counter_0
    ----------------------------------------
    Total                      4.528ns (2.923ns logic, 1.605ns route)
                                       (64.5% logic, 35.5% route)

=========================================================================
Timing constraint: Default period analysis for Clock 'clk251'
  Clock period: 8.134ns (frequency: 122.945MHz)
  Total number of paths / destination ports: 36980 / 99
-------------------------------------------------------------------------
Delay:               8.134ns (Levels of Logic = 45)
  Source:            vpos_2 (FF)
  Destination:       vpos_31 (FF)
  Source Clock:      clk251 rising
  Destination Clock: clk251 rising

  Data Path: vpos_2 to vpos_31
                                Gate     Net
    Cell:in->out      fanout   Delay   Delay  Logical Name (Net Name)
    ----------------------------------------  ------------
     FDCE:C->Q            13   0.514   0.988  vpos_2 (vpos_2)
     LUT2:I0->O            1   0.612   0.000  Mcompar_Rout_cmp_lt0001_lut<0>2 (Mcompar_Rout_cmp_lt0001_lut<0>2)
     MUXCY:S->O            1   0.404   0.000  Mcompar_Rout_cmp_lt0001_cy<0>_6 (Mcompar_Rout_cmp_lt0001_cy<0>7)
     MUXCY:CI->O           1   0.051   0.000  Mcompar_Rout_cmp_lt0001_cy<1>_6 (Mcompar_Rout_cmp_lt0001_cy<1>7)
     MUXCY:CI->O           1   0.051   0.000  Mcompar_Rout_cmp_lt0001_cy<2>_6 (Mcompar_Rout_cmp_lt0001_cy<2>7)
     MUXCY:CI->O           1   0.051   0.000  Mcompar_Rout_cmp_lt0001_cy<3>_6 (Mcompar_Rout_cmp_lt0001_cy<3>7)
     MUXCY:CI->O           1   0.051   0.000  Mcompar_Rout_cmp_lt0001_cy<4>_6 (Mcompar_Rout_cmp_lt0001_cy<4>7)
     MUXCY:CI->O           1   0.051   0.000  Mcompar_Rout_cmp_lt0001_cy<5>_6 (Mcompar_Rout_cmp_lt0001_cy<5>7)
     MUXCY:CI->O           1   0.051   0.000  Mcompar_Rout_cmp_lt0001_cy<6>_6 (Mcompar_Rout_cmp_lt0001_cy<6>7)
     MUXCY:CI->O           1   0.051   0.000  Mcompar_Rout_cmp_lt0001_cy<7>_6 (Mcompar_Rout_cmp_lt0001_cy<7>7)
     MUXCY:CI->O           1   0.051   0.000  Mcompar_Rout_cmp_lt0001_cy<8>_6 (Mcompar_Rout_cmp_lt0001_cy<8>7)
     MUXCY:CI->O           1   0.051   0.000  Mcompar_Rout_cmp_lt0001_cy<9>_6 (Mcompar_Rout_cmp_lt0001_cy<9>5)
     MUXCY:CI->O          33   0.399   1.225  Mcompar_Rout_cmp_lt0001_cy<10>_2 (Mcompar_Rout_cmp_lt0001_cy<10>2)
     LUT3:I0->O            1   0.612   0.000  Mcount_vpos_lut<0> (Mcount_vpos_lut<0>)
     MUXCY:S->O            1   0.404   0.000  Mcount_vpos_cy<0> (Mcount_vpos_cy<0>)
     MUXCY:CI->O           1   0.052   0.000  Mcount_vpos_cy<1> (Mcount_vpos_cy<1>)
     MUXCY:CI->O           1   0.052   0.000  Mcount_vpos_cy<2> (Mcount_vpos_cy<2>)
     MUXCY:CI->O           1   0.052   0.000  Mcount_vpos_cy<3> (Mcount_vpos_cy<3>)
     MUXCY:CI->O           1   0.052   0.000  Mcount_vpos_cy<4> (Mcount_vpos_cy<4>)
     MUXCY:CI->O           1   0.052   0.000  Mcount_vpos_cy<5> (Mcount_vpos_cy<5>)
     MUXCY:CI->O           1   0.052   0.000  Mcount_vpos_cy<6> (Mcount_vpos_cy<6>)
     MUXCY:CI->O           1   0.052   0.000  Mcount_vpos_cy<7> (Mcount_vpos_cy<7>)
     MUXCY:CI->O           1   0.052   0.000  Mcount_vpos_cy<8> (Mcount_vpos_cy<8>)
     MUXCY:CI->O           1   0.052   0.000  Mcount_vpos_cy<9> (Mcount_vpos_cy<9>)
     MUXCY:CI->O           1   0.052   0.000  Mcount_vpos_cy<10> (Mcount_vpos_cy<10>)
     MUXCY:CI->O           1   0.051   0.000  Mcount_vpos_cy<11> (Mcount_vpos_cy<11>)
     MUXCY:CI->O           1   0.051   0.000  Mcount_vpos_cy<12> (Mcount_vpos_cy<12>)
     MUXCY:CI->O           1   0.051   0.000  Mcount_vpos_cy<13> (Mcount_vpos_cy<13>)
     MUXCY:CI->O           1   0.051   0.000  Mcount_vpos_cy<14> (Mcount_vpos_cy<14>)
     MUXCY:CI->O           1   0.051   0.000  Mcount_vpos_cy<15> (Mcount_vpos_cy<15>)
     MUXCY:CI->O           1   0.051   0.000  Mcount_vpos_cy<16> (Mcount_vpos_cy<16>)
     MUXCY:CI->O           1   0.051   0.000  Mcount_vpos_cy<17> (Mcount_vpos_cy<17>)
     MUXCY:CI->O           1   0.051   0.000  Mcount_vpos_cy<18> (Mcount_vpos_cy<18>)
     MUXCY:CI->O           1   0.051   0.000  Mcount_vpos_cy<19> (Mcount_vpos_cy<19>)
     MUXCY:CI->O           1   0.051   0.000  Mcount_vpos_cy<20> (Mcount_vpos_cy<20>)
     MUXCY:CI->O           1   0.051   0.000  Mcount_vpos_cy<21> (Mcount_vpos_cy<21>)
     MUXCY:CI->O           1   0.051   0.000  Mcount_vpos_cy<22> (Mcount_vpos_cy<22>)
     MUXCY:CI->O           1   0.051   0.000  Mcount_vpos_cy<23> (Mcount_vpos_cy<23>)
     MUXCY:CI->O           1   0.051   0.000  Mcount_vpos_cy<24> (Mcount_vpos_cy<24>)
     MUXCY:CI->O           1   0.051   0.000  Mcount_vpos_cy<25> (Mcount_vpos_cy<25>)
     MUXCY:CI->O           1   0.051   0.000  Mcount_vpos_cy<26> (Mcount_vpos_cy<26>)
     MUXCY:CI->O           1   0.051   0.000  Mcount_vpos_cy<27> (Mcount_vpos_cy<27>)
     MUXCY:CI->O           1   0.051   0.000  Mcount_vpos_cy<28> (Mcount_vpos_cy<28>)
     MUXCY:CI->O           1   0.051   0.000  Mcount_vpos_cy<29> (Mcount_vpos_cy<29>)
     MUXCY:CI->O           0   0.051   0.000  Mcount_vpos_cy<30> (Mcount_vpos_cy<30>)
     XORCY:CI->O           1   0.699   0.000  Mcount_vpos_xor<31> (Mcount_vpos31)
     FDCE:D                    0.268          vpos_31
    ----------------------------------------
    Total                      8.134ns (5.921ns logic, 2.213ns route)
                                       (72.8% logic, 27.2% route)

=========================================================================
Timing constraint: Default period analysis for Clock 'movementTick1'
  Clock period: 10.503ns (frequency: 95.212MHz)
  Total number of paths / destination ports: 54104 / 200
-------------------------------------------------------------------------
Delay:               10.503ns (Levels of Logic = 23)
  Source:            BallX_2 (FF)
  Destination:       hMove (FF)
  Source Clock:      movementTick1 rising
  Destination Clock: movementTick1 rising

  Data Path: BallX_2 to hMove
                                Gate     Net
    Cell:in->out      fanout   Delay   Delay  Logical Name (Net Name)
    ----------------------------------------  ------------
     FDS:C->Q              7   0.514   0.754  BallX_2 (BallX_2)
     LUT1:I0->O            1   0.612   0.000  Madd_Rout_add0000_cy<2>_rt (Madd_Rout_add0000_cy<2>_rt)
     MUXCY:S->O            1   0.404   0.000  Madd_Rout_add0000_cy<2> (Madd_Rout_add0000_cy<2>)
     MUXCY:CI->O           1   0.052   0.000  Madd_Rout_add0000_cy<3> (Madd_Rout_add0000_cy<3>)
     MUXCY:CI->O           1   0.052   0.000  Madd_Rout_add0000_cy<4> (Madd_Rout_add0000_cy<4>)
     MUXCY:CI->O           1   0.052   0.000  Madd_Rout_add0000_cy<5> (Madd_Rout_add0000_cy<5>)
     MUXCY:CI->O           1   0.052   0.000  Madd_Rout_add0000_cy<6> (Madd_Rout_add0000_cy<6>)
     MUXCY:CI->O           1   0.051   0.000  Madd_Rout_add0000_cy<7> (Madd_Rout_add0000_cy<7>)
     MUXCY:CI->O           1   0.051   0.000  Madd_Rout_add0000_cy<8> (Madd_Rout_add0000_cy<8>)
     MUXCY:CI->O           1   0.051   0.000  Madd_Rout_add0000_cy<9> (Madd_Rout_add0000_cy<9>)
     MUXCY:CI->O           1   0.051   0.000  Madd_Rout_add0000_cy<10> (Madd_Rout_add0000_cy<10>)
     MUXCY:CI->O           1   0.051   0.000  Madd_Rout_add0000_cy<11> (Madd_Rout_add0000_cy<11>)
     MUXCY:CI->O           1   0.051   0.000  Madd_Rout_add0000_cy<12> (Madd_Rout_add0000_cy<12>)
     MUXCY:CI->O           1   0.051   0.000  Madd_Rout_add0000_cy<13> (Madd_Rout_add0000_cy<13>)
     MUXCY:CI->O           1   0.051   0.000  Madd_Rout_add0000_cy<14> (Madd_Rout_add0000_cy<14>)
     MUXCY:CI->O           1   0.051   0.000  Madd_Rout_add0000_cy<15> (Madd_Rout_add0000_cy<15>)
     MUXCY:CI->O           1   0.051   0.000  Madd_Rout_add0000_cy<16> (Madd_Rout_add0000_cy<16>)
     XORCY:CI->O           5   0.699   0.541  Madd_Rout_add0000_xor<17> (Rout_add0000<17>)
     LUT4:I3->O            1   0.612   0.387  hMove_not000166 (hMove_not000166)
     LUT4:I2->O            1   0.612   0.509  hMove_not000199 (hMove_not000199)
     LUT4:I0->O            1   0.612   0.360  hMove_not0001271 (hMove_not0001271)
     LUT4:I3->O            1   0.612   0.360  hMove_not0001303 (hMove_not0001303)
     LUT4_L:I3->LO         1   0.612   0.130  hMove_not000132_SW0 (N10)
     LUT3:I2->O            1   0.612   0.357  hMove_not0001381 (hMove_not0001)
     FDE:CE                    0.483          hMove
    ----------------------------------------
    Total                     10.503ns (7.105ns logic, 3.398ns route)
                                       (67.6% logic, 32.4% route)

=========================================================================
Timing constraint: Default OFFSET IN BEFORE for Clock 'movementTick1'
  Total number of paths / destination ports: 1184 / 68
-------------------------------------------------------------------------
Offset:              6.822ns (Levels of Logic = 35)
  Source:            SW2 (PAD)
  Destination:       RightBarY_31 (FF)
  Destination Clock: movementTick1 rising

  Data Path: SW2 to RightBarY_31
                                Gate     Net
    Cell:in->out      fanout   Delay   Delay  Logical Name (Net Name)
    ----------------------------------------  ------------
     IBUF:I->O            64   1.106   1.150  SW2_IBUF (SW21)
     LUT2:I1->O            1   0.612   0.000  Maddsub_RightBarY_share0000_lut<0> (Maddsub_RightBarY_share0000_lut<0>)
     MUXCY:S->O            1   0.404   0.000  Maddsub_RightBarY_share0000_cy<0> (Maddsub_RightBarY_share0000_cy<0>)
     MUXCY:CI->O           1   0.052   0.000  Maddsub_RightBarY_share0000_cy<1> (Maddsub_RightBarY_share0000_cy<1>)
     MUXCY:CI->O           1   0.052   0.000  Maddsub_RightBarY_share0000_cy<2> (Maddsub_RightBarY_share0000_cy<2>)
     MUXCY:CI->O           1   0.052   0.000  Maddsub_RightBarY_share0000_cy<3> (Maddsub_RightBarY_share0000_cy<3>)
     MUXCY:CI->O           1   0.052   0.000  Maddsub_RightBarY_share0000_cy<4> (Maddsub_RightBarY_share0000_cy<4>)
     MUXCY:CI->O           1   0.052   0.000  Maddsub_RightBarY_share0000_cy<5> (Maddsub_RightBarY_share0000_cy<5>)
     MUXCY:CI->O           1   0.052   0.000  Maddsub_RightBarY_share0000_cy<6> (Maddsub_RightBarY_share0000_cy<6>)
     MUXCY:CI->O           1   0.052   0.000  Maddsub_RightBarY_share0000_cy<7> (Maddsub_RightBarY_share0000_cy<7>)
     MUXCY:CI->O           1   0.052   0.000  Maddsub_RightBarY_share0000_cy<8> (Maddsub_RightBarY_share0000_cy<8>)
     MUXCY:CI->O           1   0.052   0.000  Maddsub_RightBarY_share0000_cy<9> (Maddsub_RightBarY_share0000_cy<9>)
     MUXCY:CI->O           1   0.052   0.000  Maddsub_RightBarY_share0000_cy<10> (Maddsub_RightBarY_share0000_cy<10>)
     MUXCY:CI->O           1   0.052   0.000  Maddsub_RightBarY_share0000_cy<11> (Maddsub_RightBarY_share0000_cy<11>)
     MUXCY:CI->O           1   0.052   0.000  Maddsub_RightBarY_share0000_cy<12> (Maddsub_RightBarY_share0000_cy<12>)
     MUXCY:CI->O           1   0.052   0.000  Maddsub_RightBarY_share0000_cy<13> (Maddsub_RightBarY_share0000_cy<13>)
     MUXCY:CI->O           1   0.052   0.000  Maddsub_RightBarY_share0000_cy<14> (Maddsub_RightBarY_share0000_cy<14>)
     MUXCY:CI->O           1   0.052   0.000  Maddsub_RightBarY_share0000_cy<15> (Maddsub_RightBarY_share0000_cy<15>)
     MUXCY:CI->O           1   0.052   0.000  Maddsub_RightBarY_share0000_cy<16> (Maddsub_RightBarY_share0000_cy<16>)
     MUXCY:CI->O           1   0.052   0.000  Maddsub_RightBarY_share0000_cy<17> (Maddsub_RightBarY_share0000_cy<17>)
     MUXCY:CI->O           1   0.052   0.000  Maddsub_RightBarY_share0000_cy<18> (Maddsub_RightBarY_share0000_cy<18>)
     MUXCY:CI->O           1   0.052   0.000  Maddsub_RightBarY_share0000_cy<19> (Maddsub_RightBarY_share0000_cy<19>)
     MUXCY:CI->O           1   0.052   0.000  Maddsub_RightBarY_share0000_cy<20> (Maddsub_RightBarY_share0000_cy<20>)
     MUXCY:CI->O           1   0.052   0.000  Maddsub_RightBarY_share0000_cy<21> (Maddsub_RightBarY_share0000_cy<21>)
     MUXCY:CI->O           1   0.052   0.000  Maddsub_RightBarY_share0000_cy<22> (Maddsub_RightBarY_share0000_cy<22>)
     MUXCY:CI->O           1   0.052   0.000  Maddsub_RightBarY_share0000_cy<23> (Maddsub_RightBarY_share0000_cy<23>)
     MUXCY:CI->O           1   0.052   0.000  Maddsub_RightBarY_share0000_cy<24> (Maddsub_RightBarY_share0000_cy<24>)
     MUXCY:CI->O           1   0.052   0.000  Maddsub_RightBarY_share0000_cy<25> (Maddsub_RightBarY_share0000_cy<25>)
     MUXCY:CI->O           1   0.052   0.000  Maddsub_RightBarY_share0000_cy<26> (Maddsub_RightBarY_share0000_cy<26>)
     MUXCY:CI->O           1   0.052   0.000  Maddsub_RightBarY_share0000_cy<27> (Maddsub_RightBarY_share0000_cy<27>)
     MUXCY:CI->O           1   0.052   0.000  Maddsub_RightBarY_share0000_cy<28> (Maddsub_RightBarY_share0000_cy<28>)
     MUXCY:CI->O           1   0.052   0.000  Maddsub_RightBarY_share0000_cy<29> (Maddsub_RightBarY_share0000_cy<29>)
     MUXCY:CI->O           0   0.052   0.000  Maddsub_RightBarY_share0000_cy<30> (Maddsub_RightBarY_share0000_cy<30>)
     XORCY:CI->O           1   0.699   0.426  Maddsub_RightBarY_share0000_xor<31> (RightBarY_share0000<31>)
     LUT4:I1->O            1   0.612   0.000  Mmux_RightBarY_mux000311 (RightBarY_mux0003<0>)
     FD:D                      0.268          RightBarY_31
    ----------------------------------------
    Total                      6.822ns (5.246ns logic, 1.576ns route)
                                       (76.9% logic, 23.1% route)

=========================================================================
Timing constraint: Default OFFSET OUT AFTER for Clock 'clk'
  Total number of paths / destination ports: 1 / 1
-------------------------------------------------------------------------
Offset:              4.134ns (Levels of Logic = 1)
  Source:            clk25 (FF)
  Destination:       DAC_CLK (PAD)
  Source Clock:      clk rising

  Data Path: clk25 to DAC_CLK
                                Gate     Net
    Cell:in->out      fanout   Delay   Delay  Logical Name (Net Name)
    ----------------------------------------  ------------
     FDR:C->Q              3   0.514   0.451  clk25 (clk251)
     OBUF:I->O                 3.169          DAC_CLK_OBUF (DAC_CLK)
    ----------------------------------------
    Total                      4.134ns (3.683ns logic, 0.451ns route)
                                       (89.1% logic, 10.9% route)

=========================================================================
Timing constraint: Default OFFSET OUT AFTER for Clock 'clk251'
  Total number of paths / destination ports: 24466 / 26
-------------------------------------------------------------------------
Offset:              11.692ns (Levels of Logic = 38)
  Source:            vpos_0 (FF)
  Destination:       Gout<7> (PAD)
  Source Clock:      clk251 rising

  Data Path: vpos_0 to Gout<7>
                                Gate     Net
    Cell:in->out      fanout   Delay   Delay  Logical Name (Net Name)
    ----------------------------------------  ------------
     FDCE:C->Q            10   0.514   0.902  vpos_0 (vpos_0)
     LUT2:I0->O            1   0.612   0.000  Mcompar_Rout_cmp_ge0008_lut<0> (Mcompar_Rout_cmp_ge0008_lut<0>)
     MUXCY:S->O            1   0.404   0.000  Mcompar_Rout_cmp_ge0008_cy<0> (Mcompar_Rout_cmp_ge0008_cy<0>)
     MUXCY:CI->O           1   0.052   0.000  Mcompar_Rout_cmp_ge0008_cy<1> (Mcompar_Rout_cmp_ge0008_cy<1>)
     MUXCY:CI->O           1   0.052   0.000  Mcompar_Rout_cmp_ge0008_cy<2> (Mcompar_Rout_cmp_ge0008_cy<2>)
     MUXCY:CI->O           1   0.052   0.000  Mcompar_Rout_cmp_ge0008_cy<3> (Mcompar_Rout_cmp_ge0008_cy<3>)
     MUXCY:CI->O           1   0.052   0.000  Mcompar_Rout_cmp_ge0008_cy<4> (Mcompar_Rout_cmp_ge0008_cy<4>)
     MUXCY:CI->O           1   0.052   0.000  Mcompar_Rout_cmp_ge0008_cy<5> (Mcompar_Rout_cmp_ge0008_cy<5>)
     MUXCY:CI->O           1   0.052   0.000  Mcompar_Rout_cmp_ge0008_cy<6> (Mcompar_Rout_cmp_ge0008_cy<6>)
     MUXCY:CI->O           1   0.052   0.000  Mcompar_Rout_cmp_ge0008_cy<7> (Mcompar_Rout_cmp_ge0008_cy<7>)
     MUXCY:CI->O           1   0.052   0.000  Mcompar_Rout_cmp_ge0008_cy<8> (Mcompar_Rout_cmp_ge0008_cy<8>)
     MUXCY:CI->O           1   0.052   0.000  Mcompar_Rout_cmp_ge0008_cy<9> (Mcompar_Rout_cmp_ge0008_cy<9>)
     MUXCY:CI->O           1   0.052   0.000  Mcompar_Rout_cmp_ge0008_cy<10> (Mcompar_Rout_cmp_ge0008_cy<10>)
     MUXCY:CI->O           1   0.052   0.000  Mcompar_Rout_cmp_ge0008_cy<11> (Mcompar_Rout_cmp_ge0008_cy<11>)
     MUXCY:CI->O           1   0.052   0.000  Mcompar_Rout_cmp_ge0008_cy<12> (Mcompar_Rout_cmp_ge0008_cy<12>)
     MUXCY:CI->O           1   0.052   0.000  Mcompar_Rout_cmp_ge0008_cy<13> (Mcompar_Rout_cmp_ge0008_cy<13>)
     MUXCY:CI->O           1   0.052   0.000  Mcompar_Rout_cmp_ge0008_cy<14> (Mcompar_Rout_cmp_ge0008_cy<14>)
     MUXCY:CI->O           1   0.052   0.000  Mcompar_Rout_cmp_ge0008_cy<15> (Mcompar_Rout_cmp_ge0008_cy<15>)
     MUXCY:CI->O           1   0.052   0.000  Mcompar_Rout_cmp_ge0008_cy<16> (Mcompar_Rout_cmp_ge0008_cy<16>)
     MUXCY:CI->O           1   0.052   0.000  Mcompar_Rout_cmp_ge0008_cy<17> (Mcompar_Rout_cmp_ge0008_cy<17>)
     MUXCY:CI->O           1   0.052   0.000  Mcompar_Rout_cmp_ge0008_cy<18> (Mcompar_Rout_cmp_ge0008_cy<18>)
     MUXCY:CI->O           1   0.052   0.000  Mcompar_Rout_cmp_ge0008_cy<19> (Mcompar_Rout_cmp_ge0008_cy<19>)
     MUXCY:CI->O           1   0.052   0.000  Mcompar_Rout_cmp_ge0008_cy<20> (Mcompar_Rout_cmp_ge0008_cy<20>)
     MUXCY:CI->O           1   0.052   0.000  Mcompar_Rout_cmp_ge0008_cy<21> (Mcompar_Rout_cmp_ge0008_cy<21>)
     MUXCY:CI->O           1   0.052   0.000  Mcompar_Rout_cmp_ge0008_cy<22> (Mcompar_Rout_cmp_ge0008_cy<22>)
     MUXCY:CI->O           1   0.052   0.000  Mcompar_Rout_cmp_ge0008_cy<23> (Mcompar_Rout_cmp_ge0008_cy<23>)
     MUXCY:CI->O           1   0.052   0.000  Mcompar_Rout_cmp_ge0008_cy<24> (Mcompar_Rout_cmp_ge0008_cy<24>)
     MUXCY:CI->O           1   0.052   0.000  Mcompar_Rout_cmp_ge0008_cy<25> (Mcompar_Rout_cmp_ge0008_cy<25>)
     MUXCY:CI->O           1   0.051   0.000  Mcompar_Rout_cmp_ge0008_cy<26> (Mcompar_Rout_cmp_ge0008_cy<26>)
     MUXCY:CI->O           1   0.051   0.000  Mcompar_Rout_cmp_ge0008_cy<27> (Mcompar_Rout_cmp_ge0008_cy<27>)
     MUXCY:CI->O           1   0.051   0.000  Mcompar_Rout_cmp_ge0008_cy<28> (Mcompar_Rout_cmp_ge0008_cy<28>)
     MUXCY:CI->O           1   0.051   0.000  Mcompar_Rout_cmp_ge0008_cy<29> (Mcompar_Rout_cmp_ge0008_cy<29>)
     MUXCY:CI->O           1   0.051   0.000  Mcompar_Rout_cmp_ge0008_cy<30> (Mcompar_Rout_cmp_ge0008_cy<30>)
     MUXCY:CI->O           1   0.399   0.426  Mcompar_Rout_cmp_ge0008_cy<31> (Rout_cmp_ge0008)
     LUT4:I1->O            3   0.612   0.603  Rout_and00031 (Rout_and0003)
     LUT4:I0->O            1   0.612   0.000  Gout<1>139_SW02 (Gout<1>139_SW01)
     MUXF5:I0->O           1   0.278   0.360  Gout<1>139_SW0_f5 (N22)
     LUT4:I3->O            8   0.612   0.643  Gout<1>139 (Gout_1_OBUF)
     OBUF:I->O                 3.169          Gout_7_OBUF (Gout<7>)
    ----------------------------------------
    Total                     11.692ns (8.758ns logic, 2.935ns route)
                                       (74.9% logic, 25.1% route)

=========================================================================
Timing constraint: Default OFFSET OUT AFTER for Clock 'movementTick1'
  Total number of paths / destination ports: 49536 / 24
-------------------------------------------------------------------------
Offset:              13.676ns (Levels of Logic = 37)
  Source:            BallY_2 (FF)
  Destination:       Bout<7> (PAD)
  Source Clock:      movementTick1 rising

  Data Path: BallY_2 to Bout<7>
                                Gate     Net
    Cell:in->out      fanout   Delay   Delay  Logical Name (Net Name)
    ----------------------------------------  ------------
     FDS:C->Q              9   0.514   0.849  BallY_2 (BallY_2)
     LUT1:I0->O            1   0.612   0.000  Madd_Rout_add0001_cy<2>_rt (Madd_Rout_add0001_cy<2>_rt)
     MUXCY:S->O            1   0.404   0.000  Madd_Rout_add0001_cy<2> (Madd_Rout_add0001_cy<2>)
     MUXCY:CI->O           1   0.052   0.000  Madd_Rout_add0001_cy<3> (Madd_Rout_add0001_cy<3>)
     MUXCY:CI->O           1   0.052   0.000  Madd_Rout_add0001_cy<4> (Madd_Rout_add0001_cy<4>)
     MUXCY:CI->O           1   0.052   0.000  Madd_Rout_add0001_cy<5> (Madd_Rout_add0001_cy<5>)
     MUXCY:CI->O           1   0.052   0.000  Madd_Rout_add0001_cy<6> (Madd_Rout_add0001_cy<6>)
     MUXCY:CI->O           1   0.052   0.000  Madd_Rout_add0001_cy<7> (Madd_Rout_add0001_cy<7>)
     MUXCY:CI->O           1   0.052   0.000  Madd_Rout_add0001_cy<8> (Madd_Rout_add0001_cy<8>)
     MUXCY:CI->O           1   0.052   0.000  Madd_Rout_add0001_cy<9> (Madd_Rout_add0001_cy<9>)
     MUXCY:CI->O           1   0.052   0.000  Madd_Rout_add0001_cy<10> (Madd_Rout_add0001_cy<10>)
     MUXCY:CI->O           1   0.052   0.000  Madd_Rout_add0001_cy<11> (Madd_Rout_add0001_cy<11>)
     MUXCY:CI->O           1   0.052   0.000  Madd_Rout_add0001_cy<12> (Madd_Rout_add0001_cy<12>)
     MUXCY:CI->O           1   0.052   0.000  Madd_Rout_add0001_cy<13> (Madd_Rout_add0001_cy<13>)
     MUXCY:CI->O           1   0.052   0.000  Madd_Rout_add0001_cy<14> (Madd_Rout_add0001_cy<14>)
     MUXCY:CI->O           1   0.052   0.000  Madd_Rout_add0001_cy<15> (Madd_Rout_add0001_cy<15>)
     MUXCY:CI->O           1   0.052   0.000  Madd_Rout_add0001_cy<16> (Madd_Rout_add0001_cy<16>)
     MUXCY:CI->O           1   0.052   0.000  Madd_Rout_add0001_cy<17> (Madd_Rout_add0001_cy<17>)
     MUXCY:CI->O           1   0.052   0.000  Madd_Rout_add0001_cy<18> (Madd_Rout_add0001_cy<18>)
     MUXCY:CI->O           1   0.052   0.000  Madd_Rout_add0001_cy<19> (Madd_Rout_add0001_cy<19>)
     MUXCY:CI->O           1   0.052   0.000  Madd_Rout_add0001_cy<20> (Madd_Rout_add0001_cy<20>)
     MUXCY:CI->O           1   0.052   0.000  Madd_Rout_add0001_cy<21> (Madd_Rout_add0001_cy<21>)
     MUXCY:CI->O           1   0.052   0.000  Madd_Rout_add0001_cy<22> (Madd_Rout_add0001_cy<22>)
     MUXCY:CI->O           1   0.052   0.000  Madd_Rout_add0001_cy<23> (Madd_Rout_add0001_cy<23>)
     MUXCY:CI->O           1   0.052   0.000  Madd_Rout_add0001_cy<24> (Madd_Rout_add0001_cy<24>)
     MUXCY:CI->O           1   0.052   0.000  Madd_Rout_add0001_cy<25> (Madd_Rout_add0001_cy<25>)
     MUXCY:CI->O           1   0.052   0.000  Madd_Rout_add0001_cy<26> (Madd_Rout_add0001_cy<26>)
     MUXCY:CI->O           1   0.052   0.000  Madd_Rout_add0001_cy<27> (Madd_Rout_add0001_cy<27>)
     MUXCY:CI->O           1   0.052   0.000  Madd_Rout_add0001_cy<28> (Madd_Rout_add0001_cy<28>)
     MUXCY:CI->O           1   0.052   0.000  Madd_Rout_add0001_cy<29> (Madd_Rout_add0001_cy<29>)
     MUXCY:CI->O           0   0.052   0.000  Madd_Rout_add0001_cy<30> (Madd_Rout_add0001_cy<30>)
     XORCY:CI->O           7   0.699   0.671  Madd_Rout_add0001_xor<31> (Rout_add0001<31>)
     LUT2:I1->O            1   0.612   0.000  Mcompar_Rout_cmp_lt0003_lut<31> (Mcompar_Rout_cmp_lt0003_lut<31>)
     MUXCY:S->O            1   0.752   0.360  Mcompar_Rout_cmp_lt0003_cy<31> (Mcompar_Rout_cmp_lt0003_cy<31>)
     LUT4:I3->O            3   0.612   0.603  Rout_and00011 (Rout_and0001)
     LUT4:I0->O            1   0.612   0.509  Bout<1>_SW0 (N26)
     LUT4:I0->O            8   0.612   0.643  Bout<1> (Bout_1_OBUF)
     OBUF:I->O                 3.169          Bout_7_OBUF (Bout<7>)
    ----------------------------------------
    Total                     13.676ns (10.040ns logic, 3.636ns route)
                                       (73.4% logic, 26.6% route)

=========================================================================


Total REAL time to Xst completion: 10.00 secs
Total CPU time to Xst completion: 8.65 secs
 
--> 


Total memory usage is 677248 kilobytes

Number of errors   :    0 (   0 filtered)
Number of warnings :    4 (   0 filtered)
Number of infos    :    1 (   0 filtered)

